<?xml version="1.0" encoding="UTF-8"?>
<!-- Generated by org.testng.reporters.JUnitXMLReporter -->
<testsuite ignored="0" hostname="Saranshs-MacBook-Pro.local" failures="1" tests="1" name="Validating title in the Page" time="11.332" errors="0" timestamp="29 May 2020 18:17:18 GMT">
  <testcase classname="Academy.validateTitle" name="validateAppTitle" time="0.03">
    <failure type="java.lang.AssertionError" message="expected [FEATURED CO123URSES] but found [FEATURED COURSES]">
      <![CDATA[java.lang.AssertionError: expected [FEATURED CO123URSES] but found [FEATURED COURSES]
	at Academy.validateTitle.validateAppTitle(validateTitle.java:43)
... Removed 35 stack frames]]>
    </failure>
  </testcase> <!-- validateAppTitle -->
</testsuite> <!-- Validating title in the Page -->
